Logfile initialized
[INFO] logfile = D:\programming\apps\workspace\FoOlSlide\build.log
[DEBUG] C:\ProgramData\Titanium\mobilesdk\win32\1.7.1\android\builder.py simulator FoOlSlide E:\proggen\java devel\android-sdk D:\programming\apps\workspace\FoOlSlide com.foolrulez.foolslide.appcelerator 7 HVGA
[INFO] Building FoOlSlide for Android ... one moment
[INFO] Titanium SDK version: 1.7.1 (06/21/11 14:28 1293a6d)
[DEBUG] Waiting for device to be ready ...
[TRACE] adb devices returned 1 devices/emulators
[TRACE] adb devices returned 1 devices/emulators
[TRACE] adb devices returned 1 devices/emulators
[DEBUG] Device connected... (waited 10 seconds)
[DEBUG] waited 10.042000 seconds on emulator to get ready
[INFO] Waiting for the Android Emulator to become available
[DEBUG] com.foolrulez.foolslide.appcelerator installed? True
[INFO] Fastdev server running, deploying in Fastdev mode
[INFO] Copying project resources..
[TRACE] COPYING MODIFIED FILE: D:\programming\apps\workspace\FoOlSlide\Resources\others\json_files\images.js => D:\programming\apps\workspace\FoOlSlide\build\android\bin\assets\Resources\others\json_files\images.js
[INFO] Tiapp.xml unchanged, skipping class generation
[DEBUG] Processing Android resource drawables
[INFO] Waiting for SDCard to become available..
[INFO] Re-launching application ... FoOlSlide
[INFO] Launching application ... FoOlSlide
[TRACE] Launch output: Starting: Intent { act=android.intent.action.MAIN cat=[android.intent.category.LAUNCHER] cmp=com.foolrulez.foolslide.appcelerator/.FoolslideActivity }

